<?xml version="1.0" encoding="UTF-8"?>
<!-- Generated by org.testng.reporters.JUnitReportReporter -->
<testsuite hostname="anonymous1985" name="com.freelance.automationTestFramework.projectKeywordDrivenFramework.AddProduct" tests="1" failures="0" timestamp="29 Jul 2018 16:25:52 GMT" time="35.621" errors="0">
  <testcase name="run_AddProduct_TestCase" time="35.621" classname="com.freelance.automationTestFramework.projectKeywordDrivenFramework.AddProduct"/>
</testsuite> <!-- com.freelance.automationTestFramework.projectKeywordDrivenFramework.AddProduct -->
