<?xml version="1.0" encoding="UTF-8"?>
<!-- Generated by org.testng.reporters.JUnitReportReporter -->
<testsuite hostname="anonymous1985" name="com.freelance.automationTestFramework.projectKeywordDrivenFramework.Login" tests="1" failures="0" timestamp="3 Aug 2018 03:22:42 GMT" time="0.015" errors="0">
  <testcase name="run_Login_TestCase" time="0.015" classname="com.freelance.automationTestFramework.projectKeywordDrivenFramework.Login"/>
</testsuite> <!-- com.freelance.automationTestFramework.projectKeywordDrivenFramework.Login -->
