<?xml version="1.0" encoding="UTF-8"?>
<!-- Generated by org.testng.reporters.JUnitReportReporter -->
<testsuite hostname="anonymous1985" name="com.freelance.automationTestFramework.projectKeywordDrivenFramework.CheckOut" tests="1" failures="0" timestamp="8 Aug 2018 09:01:32 GMT" time="42.932" errors="0">
  <testcase name="run_CheckOut_TestCase" time="42.932" classname="com.freelance.automationTestFramework.projectKeywordDrivenFramework.CheckOut"/>
</testsuite> <!-- com.freelance.automationTestFramework.projectKeywordDrivenFramework.CheckOut -->
