<?xml version="1.0" encoding="UTF-8"?>
<!-- Generated by org.testng.reporters.JUnitReportReporter -->
<testsuite hostname="anonymous1985" name="com.freelance.automationTestFramework.projectKeywordDrivenFramework.ChooseProduct" tests="1" failures="0" timestamp="29 Jul 2018 16:29:04 GMT" time="62.999" errors="0">
  <testcase name="run_ChooseProduct_TestCase" time="62.999" classname="com.freelance.automationTestFramework.projectKeywordDrivenFramework.ChooseProduct"/>
</testsuite> <!-- com.freelance.automationTestFramework.projectKeywordDrivenFramework.ChooseProduct -->
