<?xml version="1.0" encoding="UTF-8"?>
<!-- Generated by org.testng.reporters.JUnitReportReporter -->
<testsuite hostname="anonymous1985" name="com.freelance.automationTestFramework.projectKeywordDrivenFramework.ProvidePaymentDetails" tests="1" failures="0" timestamp="5 Aug 2018 15:14:14 GMT" time="106.813" errors="0">
  <testcase name="run_ProvidePaymentDetails_TestCase" time="106.813" classname="com.freelance.automationTestFramework.projectKeywordDrivenFramework.ProvidePaymentDetails"/>
</testsuite> <!-- com.freelance.automationTestFramework.projectKeywordDrivenFramework.ProvidePaymentDetails -->
