<?xml version="1.0" encoding="UTF-8"?>
<!-- Generated by org.testng.reporters.JUnitReportReporter -->
<testsuite hostname="anonymous1985" name="com.freelance.automationTestFramework.projectKeywordDrivenFramework.CheckOut" tests="1" failures="0" timestamp="2 Aug 2018 19:19:11 GMT" time="35.392" errors="0">
  <testcase name="run_CheckOut_TestCase" time="35.392" classname="com.freelance.automationTestFramework.projectKeywordDrivenFramework.CheckOut"/>
</testsuite> <!-- com.freelance.automationTestFramework.projectKeywordDrivenFramework.CheckOut -->
