<?xml version="1.0" encoding="UTF-8"?>
<!-- Generated by org.testng.reporters.JUnitReportReporter -->
<testsuite hostname="anonymous1985" name="com.freelance.automationTestFramework.projectKeywordDrivenFramework.Login" tests="1" failures="0" timestamp="28 Jul 2018 15:52:30 GMT" time="25.244" errors="0">
  <testcase name="run_Login_TestCase" time="25.244" classname="com.freelance.automationTestFramework.projectKeywordDrivenFramework.Login"/>
</testsuite> <!-- com.freelance.automationTestFramework.projectKeywordDrivenFramework.Login -->
