<?xml version="1.0" encoding="UTF-8"?>
<!-- Generated by org.testng.reporters.JUnitReportReporter -->
<testsuite hostname="anonymous1985" name="com.freelance.automationTestFramework.projectKeywordDrivenFramework.AddProduct" tests="1" failures="0" timestamp="3 Aug 2018 05:24:29 GMT" time="31.770" errors="0">
  <testcase name="run_AddProduct_TestCase" time="31.770" classname="com.freelance.automationTestFramework.projectKeywordDrivenFramework.AddProduct"/>
</testsuite> <!-- com.freelance.automationTestFramework.projectKeywordDrivenFramework.AddProduct -->
